<?xml version="1.0" encoding="UTF-8"?>
<!-- Generated by org.testng.reporters.JUnitReportReporter -->
<testsuite hostname="elzevir-N56VB" failures="0" tests="2" name="holecek.pavel.MorseCode.CodigoMorseTest" time="3.502" errors="1" timestamp="2024-08-07T14:02:59 ART" skipped="0">
  <testcase classname="holecek.pavel.MorseCode.CodigoMorseTest" name="afterTest" time="0.149">
    <error message="The requested resource could not be found, or a request was received using an HTTP method that is not supported by the mapped resource
Build info: version: &#039;4.20.0&#039;, revision: &#039;866c76ca80&#039;
System info: os.name: &#039;Linux&#039;, os.arch: &#039;amd64&#039;, os.version: &#039;6.8.0-39-generic&#039;, java.version: &#039;21.0.4&#039;
Driver info: io.appium.java_client.android.AndroidDriver
Command: [8d694d89-2bb0-4794-8b59-da0e5dc6151f, close {}]
Capabilities {appium:adbExecTimeout: 60000, appium:appActivity: crc648bbdc909d4b41b63.MainA..., appium:appPackage: holecek.pavel.MorseCode, appium:automationName: UiAutomator2, appium:chromedriverUseSystemExecutable: true, appium:databaseEnabled: false, appium:desired: {adbExecTimeout: 60000, appActivity: crc648bbdc909d4b41b63.MainA..., appPackage: holecek.pavel.MorseCode, automationName: UiAutomator2, chromedriverUseSystemExecutable: true, deviceName: SM-A405FN/DS, newCommandTimeout: 60, platformName: ANDROID, platformVersion: 11.0, udid: R58M54TQWPN}, appium:deviceApiLevel: 30, appium:deviceManufacturer: samsung, appium:deviceModel: SM-A405FN, appium:deviceName: R58M54TQWPN, appium:deviceScreenDensity: 480, appium:deviceScreenSize: 1080x2340, appium:deviceUDID: R58M54TQWPN, appium:javascriptEnabled: true, appium:locationContextEnabled: false, appium:networkConnectionEnabled: true, appium:newCommandTimeout: 60, appium:pixelRatio: 3, appium:platformVersion: 11, appium:statBarHeight: 86, appium:takesScreenshot: true, appium:udid: R58M54TQWPN, appium:viewportRect: {height: 2024, left: 0, top: 86, width: 1080}, appium:warnings: {}, appium:webStorageEnabled: false, platformName: ANDROID}
Session ID: 8d694d89-2bb0-4794-8b59-da0e5dc6151f" type="org.openqa.selenium.UnsupportedCommandException">
      <![CDATA[org.openqa.selenium.UnsupportedCommandException: The requested resource could not be found, or a request was received using an HTTP method that is not supported by the mapped resource
Build info: version: '4.20.0', revision: '866c76ca80'
System info: os.name: 'Linux', os.arch: 'amd64', os.version: '6.8.0-39-generic', java.version: '21.0.4'
Driver info: io.appium.java_client.android.AndroidDriver
Command: [8d694d89-2bb0-4794-8b59-da0e5dc6151f, close {}]
Capabilities {appium:adbExecTimeout: 60000, appium:appActivity: crc648bbdc909d4b41b63.MainA..., appium:appPackage: holecek.pavel.MorseCode, appium:automationName: UiAutomator2, appium:chromedriverUseSystemExecutable: true, appium:databaseEnabled: false, appium:desired: {adbExecTimeout: 60000, appActivity: crc648bbdc909d4b41b63.MainA..., appPackage: holecek.pavel.MorseCode, automationName: UiAutomator2, chromedriverUseSystemExecutable: true, deviceName: SM-A405FN/DS, newCommandTimeout: 60, platformName: ANDROID, platformVersion: 11.0, udid: R58M54TQWPN}, appium:deviceApiLevel: 30, appium:deviceManufacturer: samsung, appium:deviceModel: SM-A405FN, appium:deviceName: R58M54TQWPN, appium:deviceScreenDensity: 480, appium:deviceScreenSize: 1080x2340, appium:deviceUDID: R58M54TQWPN, appium:javascriptEnabled: true, appium:locationContextEnabled: false, appium:networkConnectionEnabled: true, appium:newCommandTimeout: 60, appium:pixelRatio: 3, appium:platformVersion: 11, appium:statBarHeight: 86, appium:takesScreenshot: true, appium:udid: R58M54TQWPN, appium:viewportRect: {height: 2024, left: 0, top: 86, width: 1080}, appium:warnings: {}, appium:webStorageEnabled: false, platformName: ANDROID}
Session ID: 8d694d89-2bb0-4794-8b59-da0e5dc6151f
at java.base/jdk.internal.reflect.DirectConstructorHandleAccessor.newInstance(DirectConstructorHandleAccessor.java:62)
at java.base/java.lang.reflect.Constructor.newInstanceWithCaller(Constructor.java:502)
at java.base/java.lang.reflect.Constructor.newInstance(Constructor.java:486)
at org.openqa.selenium.remote.ErrorCodec.decode(ErrorCodec.java:167)
at org.openqa.selenium.remote.codec.w3c.W3CHttpResponseCodec.decode(W3CHttpResponseCodec.java:138)
at org.openqa.selenium.remote.codec.w3c.W3CHttpResponseCodec.decode(W3CHttpResponseCodec.java:50)
at org.openqa.selenium.remote.HttpCommandExecutor.execute(HttpCommandExecutor.java:190)
at io.appium.java_client.remote.AppiumCommandExecutor.execute(AppiumCommandExecutor.java:237)
at org.openqa.selenium.remote.RemoteWebDriver.execute(RemoteWebDriver.java:518)
at org.openqa.selenium.remote.RemoteWebDriver.execute(RemoteWebDriver.java:591)
at io.appium.java_client.AppiumDriver.execute(AppiumDriver.java:310)
at org.openqa.selenium.remote.RemoteWebDriver.close(RemoteWebDriver.java:405)
at drivers.BrowserFactory.removeDriver(BrowserFactory.java:78)
at holecek.pavel.MorseCode.CodigoMorseTest.afterTest(CodigoMorseTest.java:41)
at java.base/jdk.internal.reflect.DirectMethodHandleAccessor.invoke(DirectMethodHandleAccessor.java:103)
at java.base/java.lang.reflect.Method.invoke(Method.java:580)
at org.testng.internal.invokers.MethodInvocationHelper.invokeMethod(MethodInvocationHelper.java:141)
at org.testng.internal.invokers.MethodInvocationHelper.invokeMethodConsideringTimeout(MethodInvocationHelper.java:71)
at org.testng.internal.invokers.ConfigInvoker.invokeConfigurationMethod(ConfigInvoker.java:400)
at org.testng.internal.invokers.ConfigInvoker.invokeConfigurations(ConfigInvoker.java:333)
at org.testng.TestRunner.invokeTestConfigurations(TestRunner.java:655)
at org.testng.TestRunner.afterRun(TestRunner.java:818)
at org.testng.TestRunner.run(TestRunner.java:616)
at org.testng.SuiteRunner.runTest(SuiteRunner.java:421)
at org.testng.SuiteRunner$SuiteWorker.run(SuiteRunner.java:463)
at org.testng.internal.thread.ThreadUtil.lambda$execute$0(ThreadUtil.java:64)
at java.base/java.util.concurrent.FutureTask.run(FutureTask.java:317)
at java.base/java.util.concurrent.ThreadPoolExecutor.runWorker(ThreadPoolExecutor.java:1144)
at java.base/java.util.concurrent.ThreadPoolExecutor$Worker.run(ThreadPoolExecutor.java:642)
at java.base/java.lang.Thread.run(Thread.java:1583)
]]>
    </error>
  </testcase> <!-- afterTest -->
  <testcase classname="holecek.pavel.MorseCode.CodigoMorseTest" name="CodigoMorse" time="3.353"/>
</testsuite> <!-- holecek.pavel.MorseCode.CodigoMorseTest -->
